[2024-04-11 12:18:38,509] INFO [ControllerEventThread controllerId=0] Starting (kafka.controller.ControllerEventManager$ControllerEventThread)
[2024-04-11 12:18:38,587] INFO [Controller id=0] 0 successfully elected as the controller. Epoch incremented to 2 and epoch zk version is now 2 (kafka.controller.KafkaController)
[2024-04-11 12:18:38,590] INFO [Controller id=0] Registering handlers (kafka.controller.KafkaController)
[2024-04-11 12:18:38,597] INFO [Controller id=0] Deleting log dir event notifications (kafka.controller.KafkaController)
[2024-04-11 12:18:38,600] INFO [Controller id=0] Deleting isr change notifications (kafka.controller.KafkaController)
[2024-04-11 12:18:38,605] INFO [Controller id=0] Initializing controller context (kafka.controller.KafkaController)
[2024-04-11 12:18:38,625] INFO [Controller id=0] Initialized broker epochs cache: HashMap(0 -> 83) (kafka.controller.KafkaController)
[2024-04-11 12:18:38,665] DEBUG [Controller id=0] Register BrokerModifications handler for Set(0) (kafka.controller.KafkaController)
[2024-04-11 12:18:38,703] DEBUG [Channel manager on controller 0]: Controller 0 trying to connect to broker 0 (kafka.controller.ControllerChannelManager)
[2024-04-11 12:18:38,715] INFO [RequestSendThread controllerId=0] Starting (kafka.controller.RequestSendThread)
[2024-04-11 12:18:38,721] INFO [Controller id=0] Currently active brokers in the cluster: Set(0) (kafka.controller.KafkaController)
[2024-04-11 12:18:38,722] INFO [Controller id=0] Currently shutting brokers in the cluster: HashSet() (kafka.controller.KafkaController)
[2024-04-11 12:18:38,722] INFO [Controller id=0] Current list of topics in the cluster: HashSet(mi_primer_topic, patricia_retail) (kafka.controller.KafkaController)
[2024-04-11 12:18:38,723] INFO [Controller id=0] Fetching topic deletions in progress (kafka.controller.KafkaController)
[2024-04-11 12:18:38,737] INFO [Controller id=0] List of topics to be deleted:  (kafka.controller.KafkaController)
[2024-04-11 12:18:38,737] INFO [Controller id=0] List of topics ineligible for deletion:  (kafka.controller.KafkaController)
[2024-04-11 12:18:38,738] INFO [Controller id=0] Initializing topic deletion manager (kafka.controller.KafkaController)
[2024-04-11 12:18:38,739] INFO [Topic Deletion Manager 0] Initializing manager with initial deletions: Set(), initial ineligible deletions: HashSet() (kafka.controller.TopicDeletionManager)
[2024-04-11 12:18:38,740] INFO [Controller id=0] Sending update metadata request (kafka.controller.KafkaController)
[2024-04-11 12:18:38,762] INFO [ReplicaStateMachine controllerId=0] Initializing replica state (kafka.controller.ZkReplicaStateMachine)
[2024-04-11 12:18:38,773] INFO [ReplicaStateMachine controllerId=0] Triggering online replica state changes (kafka.controller.ZkReplicaStateMachine)
[2024-04-11 12:18:38,796] WARN [RequestSendThread controllerId=0] Controller 0's connection to broker abel-Surface-Pro:9092 (id: 0 rack: null) was unsuccessful (kafka.controller.RequestSendThread)
java.io.IOException: Connection to abel-Surface-Pro:9092 (id: 0 rack: null) failed.
	at org.apache.kafka.clients.NetworkClientUtils.awaitReady(NetworkClientUtils.java:71)
	at kafka.controller.RequestSendThread.brokerReady(ControllerChannelManager.scala:298)
	at kafka.controller.RequestSendThread.doWork(ControllerChannelManager.scala:251)
	at org.apache.kafka.server.util.ShutdownableThread.run(ShutdownableThread.java:131)
[2024-04-11 12:18:38,806] INFO [ReplicaStateMachine controllerId=0] Triggering offline replica state changes (kafka.controller.ZkReplicaStateMachine)
[2024-04-11 12:18:38,807] DEBUG [ReplicaStateMachine controllerId=0] Started replica state machine with initial state -> HashMap([Topic=patricia_retail,Partition=2,Replica=0] -> OnlineReplica, [Topic=mi_primer_topic,Partition=1,Replica=0] -> OnlineReplica, [Topic=mi_primer_topic,Partition=2,Replica=0] -> OnlineReplica, [Topic=patricia_retail,Partition=1,Replica=0] -> OnlineReplica, [Topic=mi_primer_topic,Partition=0,Replica=0] -> OnlineReplica, [Topic=patricia_retail,Partition=0,Replica=0] -> OnlineReplica) (kafka.controller.ZkReplicaStateMachine)
[2024-04-11 12:18:38,808] INFO [PartitionStateMachine controllerId=0] Initializing partition state (kafka.controller.ZkPartitionStateMachine)
[2024-04-11 12:18:38,811] INFO [PartitionStateMachine controllerId=0] Triggering online partition state changes (kafka.controller.ZkPartitionStateMachine)
[2024-04-11 12:18:38,906] INFO [RequestSendThread controllerId=0] Controller 0 connected to abel-Surface-Pro:9092 (id: 0 rack: null) for sending state change requests (kafka.controller.RequestSendThread)
[2024-04-11 12:18:38,986] DEBUG [PartitionStateMachine controllerId=0] Started partition state machine with initial state -> HashMap(mi_primer_topic-1 -> OnlinePartition, mi_primer_topic-0 -> OnlinePartition, mi_primer_topic-2 -> OnlinePartition, patricia_retail-2 -> OnlinePartition, patricia_retail-1 -> OnlinePartition, patricia_retail-0 -> OnlinePartition) (kafka.controller.ZkPartitionStateMachine)
[2024-04-11 12:18:38,987] INFO [Controller id=0] Ready to serve as the new controller with epoch 2 (kafka.controller.KafkaController)
[2024-04-11 12:18:38,994] INFO [Controller id=0] Partitions undergoing preferred replica election:  (kafka.controller.KafkaController)
[2024-04-11 12:18:38,994] INFO [Controller id=0] Partitions that completed preferred replica election:  (kafka.controller.KafkaController)
[2024-04-11 12:18:38,995] INFO [Controller id=0] Skipping preferred replica election for partitions due to topic deletion:  (kafka.controller.KafkaController)
[2024-04-11 12:18:38,995] INFO [Controller id=0] Resuming preferred replica election for partitions:  (kafka.controller.KafkaController)
[2024-04-11 12:18:38,996] INFO [Controller id=0] Starting replica leader election (PREFERRED) for partitions  triggered by ZkTriggered (kafka.controller.KafkaController)
[2024-04-11 12:18:39,052] INFO [Controller id=0] Starting the controller scheduler (kafka.controller.KafkaController)
[2024-04-11 12:18:44,053] INFO [Controller id=0] Processing automatic preferred replica leader election (kafka.controller.KafkaController)
[2024-04-11 12:18:44,054] TRACE [Controller id=0] Checking need to trigger auto leader balancing (kafka.controller.KafkaController)
[2024-04-11 12:18:44,063] DEBUG [Controller id=0] Topics not in preferred replica for broker 0 HashMap() (kafka.controller.KafkaController)
[2024-04-11 12:18:44,064] TRACE [Controller id=0] Leader imbalance ratio for broker 0 is 0.0 (kafka.controller.KafkaController)
[2024-04-11 12:23:44,065] INFO [Controller id=0] Processing automatic preferred replica leader election (kafka.controller.KafkaController)
[2024-04-11 12:23:44,065] TRACE [Controller id=0] Checking need to trigger auto leader balancing (kafka.controller.KafkaController)
[2024-04-11 12:23:44,068] DEBUG [Controller id=0] Topics not in preferred replica for broker 0 HashMap() (kafka.controller.KafkaController)
[2024-04-11 12:23:44,068] TRACE [Controller id=0] Leader imbalance ratio for broker 0 is 0.0 (kafka.controller.KafkaController)
[2024-04-11 12:25:17,992] DEBUG [Controller id=0] Delete topics listener fired for topics patricia_retail to be deleted (kafka.controller.KafkaController)
[2024-04-11 12:25:17,993] INFO [Controller id=0] Starting topic deletion for topics patricia_retail (kafka.controller.KafkaController)
[2024-04-11 12:25:17,994] INFO [Topic Deletion Manager 0] Handling deletion for topics patricia_retail (kafka.controller.TopicDeletionManager)
[2024-04-11 12:25:17,996] INFO [Topic Deletion Manager 0] Deletion of topic patricia_retail (re)started (kafka.controller.TopicDeletionManager)
[2024-04-11 12:25:18,124] DEBUG [Controller id=0] Delete topic callback invoked on StopReplica response received from broker 0: request error = NONE, partition errors = Map(patricia_retail-2 -> NONE, patricia_retail-1 -> NONE, patricia_retail-0 -> NONE) (kafka.controller.KafkaController)
[2024-04-11 12:25:18,130] DEBUG [Topic Deletion Manager 0] Deletion successfully completed for replicas [Topic=patricia_retail,Partition=2,Replica=0],[Topic=patricia_retail,Partition=1,Replica=0],[Topic=patricia_retail,Partition=0,Replica=0] (kafka.controller.TopicDeletionManager)
[2024-04-11 12:25:18,133] INFO [Topic Deletion Manager 0] Handling deletion for topics patricia_retail (kafka.controller.TopicDeletionManager)
[2024-04-11 12:25:18,239] INFO [Topic Deletion Manager 0] Deletion of topic patricia_retail successfully completed (kafka.controller.TopicDeletionManager)
[2024-04-11 12:25:18,246] INFO [Controller id=0] New topics: [Set()], deleted topics: [HashSet()], new partition replica assignment [Set()] (kafka.controller.KafkaController)
[2024-04-11 12:25:18,250] DEBUG [Controller id=0] Delete topics listener fired for topics  to be deleted (kafka.controller.KafkaController)
[2024-04-11 12:28:44,070] INFO [Controller id=0] Processing automatic preferred replica leader election (kafka.controller.KafkaController)
[2024-04-11 12:28:44,070] TRACE [Controller id=0] Checking need to trigger auto leader balancing (kafka.controller.KafkaController)
[2024-04-11 12:28:44,072] DEBUG [Controller id=0] Topics not in preferred replica for broker 0 Map() (kafka.controller.KafkaController)
[2024-04-11 12:28:44,072] TRACE [Controller id=0] Leader imbalance ratio for broker 0 is 0.0 (kafka.controller.KafkaController)
[2024-04-11 12:33:44,073] INFO [Controller id=0] Processing automatic preferred replica leader election (kafka.controller.KafkaController)
[2024-04-11 12:33:44,073] TRACE [Controller id=0] Checking need to trigger auto leader balancing (kafka.controller.KafkaController)
[2024-04-11 12:33:44,074] DEBUG [Controller id=0] Topics not in preferred replica for broker 0 Map() (kafka.controller.KafkaController)
[2024-04-11 12:33:44,074] TRACE [Controller id=0] Leader imbalance ratio for broker 0 is 0.0 (kafka.controller.KafkaController)
[2024-04-11 12:38:44,074] INFO [Controller id=0] Processing automatic preferred replica leader election (kafka.controller.KafkaController)
[2024-04-11 12:38:44,075] TRACE [Controller id=0] Checking need to trigger auto leader balancing (kafka.controller.KafkaController)
[2024-04-11 12:38:44,076] DEBUG [Controller id=0] Topics not in preferred replica for broker 0 Map() (kafka.controller.KafkaController)
[2024-04-11 12:38:44,076] TRACE [Controller id=0] Leader imbalance ratio for broker 0 is 0.0 (kafka.controller.KafkaController)
[2024-04-11 12:41:06,419] INFO [Controller id=0] New topics: [Set(patricia_demo)], deleted topics: [HashSet()], new partition replica assignment [Set(TopicIdReplicaAssignment(patricia_demo,Some(kAL9E5EWQVum5Z-UolOKnA),Map(patricia_demo-0 -> ReplicaAssignment(replicas=0, addingReplicas=, removingReplicas=))))] (kafka.controller.KafkaController)
[2024-04-11 12:41:06,420] INFO [Controller id=0] New partition creation callback for patricia_demo-0 (kafka.controller.KafkaController)
[2024-04-11 12:41:06,443] INFO [RequestSendThread controllerId=0] Controller 0 connected to abel-Surface-Pro:9092 (id: 0 rack: null) for sending state change requests (kafka.controller.RequestSendThread)
[2024-04-11 12:43:13,251] DEBUG [Controller id=0] There is no producerId block yet (Zk path version 0), creating the first block (kafka.controller.KafkaController)
[2024-04-11 12:43:13,259] INFO [Controller id=0] Acquired new producerId block ProducerIdsBlock(assignedBrokerId=0, firstProducerId=0, size=1000) by writing to Zk with path version 1 (kafka.controller.KafkaController)
[2024-04-11 12:43:44,077] INFO [Controller id=0] Processing automatic preferred replica leader election (kafka.controller.KafkaController)
[2024-04-11 12:43:44,077] TRACE [Controller id=0] Checking need to trigger auto leader balancing (kafka.controller.KafkaController)
[2024-04-11 12:43:44,078] DEBUG [Controller id=0] Topics not in preferred replica for broker 0 Map() (kafka.controller.KafkaController)
[2024-04-11 12:43:44,078] TRACE [Controller id=0] Leader imbalance ratio for broker 0 is 0.0 (kafka.controller.KafkaController)
[2024-04-11 12:48:24,961] INFO [Controller id=0] Shutting down broker 0 (kafka.controller.KafkaController)
[2024-04-11 12:48:24,961] DEBUG [Controller id=0] All shutting down brokers: 0 (kafka.controller.KafkaController)
[2024-04-11 12:48:24,961] DEBUG [Controller id=0] Live brokers:  (kafka.controller.KafkaController)
[2024-04-11 12:48:24,965] TRACE [Controller id=0] All leaders = mi_primer_topic-1 -> (Leader:0,ISR:0,LeaderRecoveryState:RECOVERED,LeaderEpoch:0,ZkVersion:0,ControllerEpoch:1),mi_primer_topic-0 -> (Leader:0,ISR:0,LeaderRecoveryState:RECOVERED,LeaderEpoch:0,ZkVersion:0,ControllerEpoch:1),mi_primer_topic-2 -> (Leader:0,ISR:0,LeaderRecoveryState:RECOVERED,LeaderEpoch:0,ZkVersion:0,ControllerEpoch:1),patricia_demo-0 -> (Leader:0,ISR:0,LeaderRecoveryState:RECOVERED,LeaderEpoch:0,ZkVersion:0,ControllerEpoch:2) (kafka.controller.KafkaController)
[2024-04-11 12:48:25,169] INFO [ControllerEventThread controllerId=0] Shutting down (kafka.controller.ControllerEventManager$ControllerEventThread)
[2024-04-11 12:48:25,170] INFO [ControllerEventThread controllerId=0] Shutdown completed (kafka.controller.ControllerEventManager$ControllerEventThread)
[2024-04-11 12:48:25,170] INFO [ControllerEventThread controllerId=0] Stopped (kafka.controller.ControllerEventManager$ControllerEventThread)
[2024-04-11 12:48:25,170] DEBUG [Controller id=0] Resigning (kafka.controller.KafkaController)
[2024-04-11 12:48:25,170] DEBUG [Controller id=0] Unregister BrokerModifications handler for Set(0) (kafka.controller.KafkaController)
[2024-04-11 12:48:25,171] INFO [PartitionStateMachine controllerId=0] Stopped partition state machine (kafka.controller.ZkPartitionStateMachine)
[2024-04-11 12:48:25,172] INFO [ReplicaStateMachine controllerId=0] Stopped replica state machine (kafka.controller.ZkReplicaStateMachine)
[2024-04-11 12:48:25,172] INFO [RequestSendThread controllerId=0] Shutting down (kafka.controller.RequestSendThread)
[2024-04-11 12:48:25,172] INFO [RequestSendThread controllerId=0] Shutdown completed (kafka.controller.RequestSendThread)
[2024-04-11 12:48:25,172] INFO [RequestSendThread controllerId=0] Stopped (kafka.controller.RequestSendThread)
[2024-04-11 12:48:25,174] INFO [Controller id=0] Resigned (kafka.controller.KafkaController)
