[2024-04-11 12:18:38,745] INFO [Controller id=0 epoch=2] Sending UpdateMetadata request to brokers HashSet(0) for 0 partitions (state.change.logger)
[2024-04-11 12:18:38,802] INFO [Controller id=0 epoch=2] Sending LeaderAndIsr request to broker 0 with 3 become-leader and 0 become-follower partitions (state.change.logger)
[2024-04-11 12:18:38,806] INFO [Controller id=0 epoch=2] Sending UpdateMetadata request to brokers HashSet(0) for 3 partitions (state.change.logger)
[2024-04-11 12:18:38,972] INFO [Broker id=0] Handling LeaderAndIsr request correlationId 1 from controller 0 for 3 partitions (state.change.logger)
[2024-04-11 12:18:38,985] INFO [Controller id=0 epoch=2] Changed partition patricia_retail-2 from NewPartition to OnlinePartition with state LeaderAndIsr(leader=0, leaderEpoch=0, isrWithBrokerEpoch=List(BrokerState(brokerId=0, brokerEpoch=-1)), leaderRecoveryState=RECOVERED, partitionEpoch=0) (state.change.logger)
[2024-04-11 12:18:38,985] INFO [Controller id=0 epoch=2] Changed partition patricia_retail-1 from NewPartition to OnlinePartition with state LeaderAndIsr(leader=0, leaderEpoch=0, isrWithBrokerEpoch=List(BrokerState(brokerId=0, brokerEpoch=-1)), leaderRecoveryState=RECOVERED, partitionEpoch=0) (state.change.logger)
[2024-04-11 12:18:38,985] INFO [Controller id=0 epoch=2] Changed partition patricia_retail-0 from NewPartition to OnlinePartition with state LeaderAndIsr(leader=0, leaderEpoch=0, isrWithBrokerEpoch=List(BrokerState(brokerId=0, brokerEpoch=-1)), leaderRecoveryState=RECOVERED, partitionEpoch=0) (state.change.logger)
[2024-04-11 12:18:38,985] INFO [Controller id=0 epoch=2] Sending LeaderAndIsr request to broker 0 with 3 become-leader and 0 become-follower partitions (state.change.logger)
[2024-04-11 12:18:38,986] INFO [Controller id=0 epoch=2] Sending UpdateMetadata request to brokers HashSet(0) for 3 partitions (state.change.logger)
[2024-04-11 12:18:39,004] INFO [Broker id=0] Stopped fetchers as part of LeaderAndIsr request correlationId 1 from controller 0 epoch 2 as part of the become-leader transition for 3 partitions (state.change.logger)
[2024-04-11 12:18:39,015] INFO [Broker id=0] Leader mi_primer_topic-1 with topic id Some(olbuqAxbTmqsdK7dquVI5Q) starts at leader epoch 0 from offset 0 with partition epoch 0, high watermark 0, ISR [0], adding replicas [] and removing replicas [] . Previous leader None and previous leader epoch was -1. (state.change.logger)
[2024-04-11 12:18:39,143] INFO [Broker id=0] Leader mi_primer_topic-2 with topic id Some(olbuqAxbTmqsdK7dquVI5Q) starts at leader epoch 0 from offset 0 with partition epoch 0, high watermark 0, ISR [0], adding replicas [] and removing replicas [] . Previous leader None and previous leader epoch was -1. (state.change.logger)
[2024-04-11 12:18:39,241] INFO [Broker id=0] Leader mi_primer_topic-0 with topic id Some(olbuqAxbTmqsdK7dquVI5Q) starts at leader epoch 0 from offset 0 with partition epoch 0, high watermark 0, ISR [0], adding replicas [] and removing replicas [] . Previous leader None and previous leader epoch was -1. (state.change.logger)
[2024-04-11 12:18:39,370] INFO [Broker id=0] Finished LeaderAndIsr request in 396ms correlationId 1 from controller 0 for 3 partitions (state.change.logger)
[2024-04-11 12:18:39,398] INFO [Broker id=0] Add 3 partitions and deleted 0 partitions from metadata cache in response to UpdateMetadata request sent by controller 0 epoch 2 with correlation id 2 (state.change.logger)
[2024-04-11 12:18:39,403] INFO [Broker id=0] Handling LeaderAndIsr request correlationId 3 from controller 0 for 3 partitions (state.change.logger)
[2024-04-11 12:18:39,414] INFO [Broker id=0] Stopped fetchers as part of LeaderAndIsr request correlationId 3 from controller 0 epoch 2 as part of the become-leader transition for 3 partitions (state.change.logger)
[2024-04-11 12:18:39,452] INFO [Broker id=0] Leader patricia_retail-2 with topic id Some(_rDdGN1SSFOKoIwq6ukAaA) starts at leader epoch 0 from offset 0 with partition epoch 0, high watermark 0, ISR [0], adding replicas [] and removing replicas [] . Previous leader None and previous leader epoch was -1. (state.change.logger)
[2024-04-11 12:18:39,672] INFO [Broker id=0] Leader patricia_retail-1 with topic id Some(_rDdGN1SSFOKoIwq6ukAaA) starts at leader epoch 0 from offset 0 with partition epoch 0, high watermark 0, ISR [0], adding replicas [] and removing replicas [] . Previous leader None and previous leader epoch was -1. (state.change.logger)
[2024-04-11 12:18:39,880] INFO [Broker id=0] Leader patricia_retail-0 with topic id Some(_rDdGN1SSFOKoIwq6ukAaA) starts at leader epoch 0 from offset 0 with partition epoch 0, high watermark 0, ISR [0], adding replicas [] and removing replicas [] . Previous leader None and previous leader epoch was -1. (state.change.logger)
[2024-04-11 12:18:40,092] INFO [Broker id=0] Finished LeaderAndIsr request in 689ms correlationId 3 from controller 0 for 3 partitions (state.change.logger)
[2024-04-11 12:18:40,103] INFO [Broker id=0] Add 3 partitions and deleted 0 partitions from metadata cache in response to UpdateMetadata request sent by controller 0 epoch 2 with correlation id 4 (state.change.logger)
[2024-04-11 12:25:17,998] INFO [Controller id=0 epoch=2] Sending UpdateMetadata request to brokers HashSet() for 0 partitions (state.change.logger)
[2024-04-11 12:25:17,998] INFO [Controller id=0 epoch=2] Sending UpdateMetadata request to brokers HashSet() for 0 partitions (state.change.logger)
[2024-04-11 12:25:18,000] INFO [Controller id=0 epoch=2] Sending UpdateMetadata request to brokers HashSet(0) for 3 partitions (state.change.logger)
[2024-04-11 12:25:18,002] INFO [Broker id=0] Add 0 partitions and deleted 3 partitions from metadata cache in response to UpdateMetadata request sent by controller 0 epoch 2 with correlation id 5 (state.change.logger)
[2024-04-11 12:25:18,030] INFO [Controller id=0 epoch=2] Partition patricia_retail-2 state changed to (Leader:-1,ISR:0,LeaderRecoveryState:RECOVERED,LeaderEpoch:1,ZkVersion:1,ControllerEpoch:2) after removing replica 0 from the ISR as part of transition to OfflineReplica (state.change.logger)
[2024-04-11 12:25:18,030] INFO [Controller id=0 epoch=2] Partition patricia_retail-1 state changed to (Leader:-1,ISR:0,LeaderRecoveryState:RECOVERED,LeaderEpoch:1,ZkVersion:1,ControllerEpoch:2) after removing replica 0 from the ISR as part of transition to OfflineReplica (state.change.logger)
[2024-04-11 12:25:18,030] INFO [Controller id=0 epoch=2] Partition patricia_retail-0 state changed to (Leader:-1,ISR:0,LeaderRecoveryState:RECOVERED,LeaderEpoch:1,ZkVersion:1,ControllerEpoch:2) after removing replica 0 from the ISR as part of transition to OfflineReplica (state.change.logger)
[2024-04-11 12:25:18,032] INFO [Controller id=0 epoch=2] Sending UpdateMetadata request to brokers HashSet() for 0 partitions (state.change.logger)
[2024-04-11 12:25:18,033] INFO [Controller id=0 epoch=2] Sending StopReplica request for 3 replicas to broker 0 (state.change.logger)
[2024-04-11 12:25:18,035] INFO [Controller id=0 epoch=2] Sending UpdateMetadata request to brokers HashSet() for 0 partitions (state.change.logger)
[2024-04-11 12:25:18,035] INFO [Controller id=0 epoch=2] Sending StopReplica request for 3 replicas to broker 0 (state.change.logger)
[2024-04-11 12:25:18,036] INFO [Broker id=0] Handling StopReplica request correlationId 6 from controller 0 for 3 partitions (state.change.logger)
[2024-04-11 12:25:18,048] INFO [Broker id=0] Handling StopReplica request correlationId 7 from controller 0 for 3 partitions (state.change.logger)
[2024-04-11 12:25:18,132] INFO [Controller id=0 epoch=2] Sending UpdateMetadata request to brokers HashSet() for 0 partitions (state.change.logger)
[2024-04-11 12:25:18,139] INFO [Controller id=0 epoch=2] Sending UpdateMetadata request to brokers HashSet() for 0 partitions (state.change.logger)
[2024-04-11 12:41:06,422] INFO [Controller id=0 epoch=2] Changed partition patricia_demo-0 state from NonExistentPartition to NewPartition with assigned replicas 0 (state.change.logger)
[2024-04-11 12:41:06,422] INFO [Controller id=0 epoch=2] Sending UpdateMetadata request to brokers HashSet() for 0 partitions (state.change.logger)
[2024-04-11 12:41:06,423] INFO [Controller id=0 epoch=2] Sending UpdateMetadata request to brokers HashSet() for 0 partitions (state.change.logger)
[2024-04-11 12:41:06,441] INFO [Controller id=0 epoch=2] Changed partition patricia_demo-0 from NewPartition to OnlinePartition with state LeaderAndIsr(leader=0, leaderEpoch=0, isrWithBrokerEpoch=List(BrokerState(brokerId=0, brokerEpoch=-1)), leaderRecoveryState=RECOVERED, partitionEpoch=0) (state.change.logger)
[2024-04-11 12:41:06,441] INFO [Controller id=0 epoch=2] Sending LeaderAndIsr request to broker 0 with 1 become-leader and 0 become-follower partitions (state.change.logger)
[2024-04-11 12:41:06,441] INFO [Controller id=0 epoch=2] Sending UpdateMetadata request to brokers HashSet(0) for 1 partitions (state.change.logger)
[2024-04-11 12:41:06,442] INFO [Controller id=0 epoch=2] Sending UpdateMetadata request to brokers HashSet() for 0 partitions (state.change.logger)
[2024-04-11 12:41:06,445] INFO [Broker id=0] Handling LeaderAndIsr request correlationId 8 from controller 0 for 1 partitions (state.change.logger)
[2024-04-11 12:41:06,445] INFO [Broker id=0] Stopped fetchers as part of LeaderAndIsr request correlationId 8 from controller 0 epoch 2 as part of the become-leader transition for 1 partitions (state.change.logger)
[2024-04-11 12:41:06,451] INFO [Broker id=0] Leader patricia_demo-0 with topic id Some(kAL9E5EWQVum5Z-UolOKnA) starts at leader epoch 0 from offset 0 with partition epoch 0, high watermark 0, ISR [0], adding replicas [] and removing replicas [] . Previous leader None and previous leader epoch was -1. (state.change.logger)
[2024-04-11 12:41:06,472] INFO [Broker id=0] Finished LeaderAndIsr request in 28ms correlationId 8 from controller 0 for 1 partitions (state.change.logger)
[2024-04-11 12:41:06,474] INFO [Broker id=0] Add 1 partitions and deleted 0 partitions from metadata cache in response to UpdateMetadata request sent by controller 0 epoch 2 with correlation id 9 (state.change.logger)
[2024-04-11 12:48:24,965] INFO [Controller id=0 epoch=2] Sending UpdateMetadata request to brokers HashSet() for 0 partitions (state.change.logger)
